8:0:0 任务已取消 
8:0:0 任务发布,从8:10开始执行
8:10:0 执行第1次.开始
8:10:0 开始调用TAXFXJK_JK011,函数名checkAndGenTableData,参数
8:10:0 参数=
8:27:21 操作结束,返回:执行SQL出错insert into tax_fxjk_mtkpjedy80w(xh,djxh,nsrsbh,nsrmc,kprq,ppje,zpje,kpje,nsrzt_dm,nsrzt,
				hy_dm,hy,djzclx_dm,djzclx,SSGLY_DM,ssgly,zgswjg_dm,zgswjg,zgswskfj_dm,zgswskfj)
				select rownum xh,dj.djxh,xfsbh,xfmc,kprq,ppje,zpje,kpje,
				  dj.nsrzt_dm,
				  (select nsrztmc from  DM_GY_NSRZT zt where dj.nsrzt_dm=zt.nsrzt_dm) nsrzt,
				  dj.hy_dm,
				  (select hymc from DM_GY_HY hy where dj.hy_dm=hy.hy_dm and hy.yxbz='Y') hy,
				  dj.djzclx_dm,
				  (select djzclxmc from DM_DJ_DJZCLX zclx where zclx.djzclx_dm=dj.djzclx_dm) djzclx, 
				  dj.SSGLY_DM,
				  (select swryxm from DM_GY_SWRY swry where swry.swry_dm=dj.SSGLY_DM) ssgly,
				  substr(dj.zgswskfj_dm,1,7) zgswjg_dm,
				  (select name from v_swjg sw where sw.id=substr(dj.zgswskfj_dm,1,7)) zgswjg,
				  dj.zgswskfj_dm,
				  (select swjgmc from DM_GY_SWJG jg where dj.zgswskfj_dm=jg.swjg_dm) zgswskfj 
				from (
				  select xfsbh,xfmc,kprq,sum(decode(kplx,'普票',kpje,0)) ppje,sum(decode(kplx,'专票',kpje,0)) zpje,sum(kpje) kpje
				  from (
				  select '专票' kplx, xfsbh,xfmc,to_char(kprq,'YYYY-MM-DD') kprq ,sum(je) kpje
				  from dzdz.dzdz_fpxx_zzsfp@dzdz a 
				  where xf_dsswjg_dm  like '14511%'
				  and to_char(kprq,'yyyy-mm-dd')=to_char(sysdate-1,'yyyy-mm-dd')
				  and  a.ZFBZ!='Y'
				  group by xfsbh,xfmc,kprq
				
				  union all
				
				  select '普票' kplx,xfsbh,xfmc,to_char(kprq,'YYYY-MM-DD') kprq ,sum(je) kpje
				  from dzdz.dzdz_fpxx_ptfp@dzdz a 
				  where xf_dsswjg_dm  like '14511%'
				  and to_char(kprq,'yyyy-mm-dd')=to_char(sysdate-1,'yyyy-mm-dd')
				  and  a.ZFBZ!='Y'
				  group by xfsbh,xfmc,kprq
				  ) 
				  where xfmc not like '%国家税务局%' 
				    and xfmc not like '%地方税务局%' 
				    and xfmc not like '%地税局%' 
				    and xfmc not like '%代开%'
				  group by xfsbh,xfmc,kprq
				  having sum(kpje)>=80*10000
				)kp,tax_company cp,dj_nsrxx dj
				where kp.xfsbh=cp.id(+) and cp.djxh=dj.djxh
				  and kp.xfsbh not in (select nsrsbh from TAX_FPFX_HCB where flag='0')java.sql.SQLIntegrityConstraintViolationException: ORA-00001: 违反唯一约束条件 (HX_FXJK.PK_TAX_FXJK_MTKPJEDY80W)

