0:10:25 执行第1次.开始
0:10:25 开始调用TAXFXJK_IMP_TaxData,函数名RunTB,参数xmlstr=
0:10:25 参数xmlstr=
4:48:59 操作结束,返回:数据采集成功！更新记录数175  >>>同步到核心库成功！
8:0:0 任务已取消 
8:0:0 任务发布,从0:10开始执行
8:0:0 任务已取消 
8:0:0 该任务只能在应用(fxjk中运行，本应用名称是fxjktest，故忽略不启动
9:40:52 任务已取消 
9:40:52 任务已取消 
9:41:25 任务发布,从0:10开始执行
9:41:31 该任务只能在应用(fxjk中运行，本应用名称是fxjktest，故忽略不启动
10:21:28 任务已取消 
10:21:28 任务已取消 
10:22:0 任务发布,从0:10开始执行
10:22:2 该任务只能在应用(fxjk中运行，本应用名称是fxjktest，故忽略不启动
10:23:23 任务已取消 
10:23:23 任务已取消 
10:25:5 任务发布,从0:10开始执行
10:25:8 该任务只能在应用(fxjk中运行，本应用名称是fxjktest，故忽略不启动
